Build started 4/20/2015 1:29:32 PM.
     1>Project "C:\Dropbox\Dropbox\Pulcher_2015\Client\server-client\LD_31\LD_31\LD_31.vcxproj" on node 2 (Build target(s)).
     1>ClCompile:
         C:\Program Files (x86)\Microsoft Visual Studio 12.0\VC\bin\CL.exe /c /I"C:\Program Files (x86)\Visual Leak Detector\include" /Zi /nologo /W3 /WX- /sdl /O2 /Oi /Oy- /GL /D _MBCS /Gm- /EHsc /MD /GS /Gy /fp:precise /Zc:wchar_t /Zc:forScope /Fo"Release\\" /Fd"Release\vc120.pdb" /Gd /TP /analyze- /errorReport:prompt LD_31.cpp
         LD_31.cpp
     1>LD_31.cpp(298): warning C4244: 'argument' : conversion from 'float' to 'int', possible loss of data
     1>LD_31.cpp(309): warning C4244: 'argument' : conversion from 'float' to 'int', possible loss of data
     1>LD_31.cpp(359): warning C4244: 'initializing' : conversion from 'float' to 'int', possible loss of data
     1>LD_31.cpp(360): warning C4244: 'initializing' : conversion from 'float' to 'int', possible loss of data
     1>LD_31.cpp(361): warning C4018: '>=' : signed/unsigned mismatch
     1>LD_31.cpp(381): warning C4244: 'initializing' : conversion from 'float' to 'int', possible loss of data
     1>LD_31.cpp(382): warning C4244: 'initializing' : conversion from 'float' to 'int', possible loss of data
     1>LD_31.cpp(383): warning C4018: '>=' : signed/unsigned mismatch
     1>LD_31.cpp(395): warning C4244: '=' : conversion from 'float' to 'int', possible loss of data
     1>LD_31.cpp(396): warning C4244: '=' : conversion from 'float' to 'int', possible loss of data
     1>LD_31.cpp(468): warning C4244: 'initializing' : conversion from 'float' to 'int', possible loss of data
     1>LD_31.cpp(469): warning C4244: 'initializing' : conversion from 'float' to 'int', possible loss of data
     1>LD_31.cpp(491): warning C4244: '=' : conversion from 'int' to 'float', possible loss of data
     1>LD_31.cpp(492): warning C4244: '=' : conversion from 'int' to 'float', possible loss of data
     1>LD_31.cpp(534): warning C4244: 'argument' : conversion from 'double' to 'float', possible loss of data
     1>LD_31.cpp(541): warning C4244: 'argument' : conversion from 'double' to 'float', possible loss of data
     1>LD_31.cpp(584): warning C4244: 'initializing' : conversion from 'float' to 'int', possible loss of data
     1>LD_31.cpp(585): warning C4244: 'initializing' : conversion from 'float' to 'int', possible loss of data
     1>LD_31.cpp(586): warning C4018: '>=' : signed/unsigned mismatch
     1>LD_31.cpp(608): warning C4101: 't' : unreferenced local variable
     1>LD_31.cpp(620): warning C4244: '=' : conversion from 'int' to 'float', possible loss of data
     1>LD_31.cpp(632): warning C4244: 'argument' : conversion from 'float' to 'int', possible loss of data
     1>LD_31.cpp(638): warning C4244: 'argument' : conversion from 'double' to 'float', possible loss of data
     1>LD_31.cpp(647): warning C4244: 'argument' : conversion from 'float' to 'int', possible loss of data
     1>LD_31.cpp(651): warning C4244: 'argument' : conversion from 'float' to 'int', possible loss of data
     1>LD_31.cpp(667): warning C4244: 'argument' : conversion from 'float' to 'int', possible loss of data
     1>LD_31.cpp(668): warning C4244: 'argument' : conversion from 'float' to 'int', possible loss of data
     1>LD_31.cpp(707): warning C4244: 'argument' : conversion from 'float' to 'int', possible loss of data
     1>LD_31.cpp(728): warning C4244: 'initializing' : conversion from 'float' to 'int', possible loss of data
     1>LD_31.cpp(729): warning C4244: 'initializing' : conversion from 'float' to 'int', possible loss of data
     1>LD_31.cpp(730): warning C4018: '>=' : signed/unsigned mismatch
     1>LD_31.cpp(750): warning C4244: 'initializing' : conversion from 'float' to 'int', possible loss of data
     1>LD_31.cpp(751): warning C4244: 'initializing' : conversion from 'float' to 'int', possible loss of data
     1>LD_31.cpp(752): warning C4018: '>=' : signed/unsigned mismatch
     1>LD_31.cpp(779): warning C4244: 'argument' : conversion from 'int' to 'float', possible loss of data
     1>LD_31.cpp(779): warning C4244: 'argument' : conversion from 'float' to 'int', possible loss of data
     1>LD_31.cpp(783): warning C4244: 'argument' : conversion from 'float' to 'int', possible loss of data
     1>LD_31.cpp(784): warning C4244: '=' : conversion from 'int' to 'float', possible loss of data
     1>LD_31.cpp(787): warning C4244: 'argument' : conversion from 'float' to 'int', possible loss of data
     1>LD_31.cpp(788): warning C4244: 'argument' : conversion from 'float' to 'int', possible loss of data
     1>LD_31.cpp(806): warning C4244: 'argument' : conversion from 'double' to 'float', possible loss of data
     1>LD_31.cpp(818): warning C4244: 'argument' : conversion from 'float' to 'int', possible loss of data
     1>LD_31.cpp(819): warning C4244: 'argument' : conversion from 'float' to 'int', possible loss of data
     1>LD_31.cpp(950): warning C4244: 'argument' : conversion from 'float' to 'int', possible loss of data
     1>LD_31.cpp(1007): warning C4244: 'argument' : conversion from 'float' to 'int', possible loss of data
       Link:
         C:\Program Files (x86)\Microsoft Visual Studio 12.0\VC\bin\link.exe /ERRORREPORT:PROMPT /OUT:"C:\Dropbox\Dropbox\Pulcher_2015\Client\server-client\LD_31\Release\LD_31.exe" /NOLOGO /LIBPATH:"C:\Program Files (x86)\Visual Leak Detector\lib\Win32" SDLmain.lib SDL.lib SDL_mixer.lib SDL_image.lib SDL_ttf.lib kernel32.lib user32.lib gdi32.lib winspool.lib comdlg32.lib advapi32.lib shell32.lib ole32.lib oleaut32.lib uuid.lib odbc32.lib odbccp32.lib /MANIFEST /MANIFESTUAC:"level='asInvoker' uiAccess='false'" /manifest:embed /DEBUG /PDB:"C:\Dropbox\Dropbox\Pulcher_2015\Client\server-client\LD_31\Release\LD_31.pdb" /SUBSYSTEM:WINDOWS /OPT:REF /OPT:ICF /LTCG /TLBID:1 /DYNAMICBASE /NXCOMPAT /IMPLIB:"C:\Dropbox\Dropbox\Pulcher_2015\Client\server-client\LD_31\Release\LD_31.lib" /MACHINE:X86 /SAFESEH Release\Cigarette_Butt.obj
         Release\LD_31.obj
         Release\Source.obj
         Generating code
         Finished generating code
         LD_31.vcxproj -> C:\Dropbox\Dropbox\Pulcher_2015\Client\server-client\LD_31\Release\LD_31.exe
     1>Done Building Project "C:\Dropbox\Dropbox\Pulcher_2015\Client\server-client\LD_31\LD_31\LD_31.vcxproj" (Build target(s)).

Build succeeded.

Time Elapsed 00:00:01.64
